<?xml version="1.0" encoding="UTF-8"?>
<!-- Generated by org.testng.reporters.JUnitXMLReporter -->
<testsuite hostname="saireddy" ignored="0" name="all-packages" tests="5" failures="0" timestamp="20 Aug 2020 15:21:40 GMT" time="273.771" errors="0">
  <testcase name="f" time="52.048" classname="addEquipment.addEquipment"/>
  <testcase name="test" time="50.381" classname="addPeople.addReciptionist"/>
  <testcase name="test" time="58.617" classname="addPeople.addTrainor"/>
  <testcase name="f" time="84.442" classname="addPlans.addPlans"/>
  <testcase name="test" time="28.234" classname="test_selenium.test2.App"/>
</testsuite> <!-- all-packages -->
